<?xml version="1.0" encoding="UTF-8"?>
<testng-results ignored="0" total="1" passed="1" failed="0" skipped="0">
  <reporter-output>
  </reporter-output>
  <suite started-at="2025-12-26T14:02:23 IST" name="Default suite" finished-at="2025-12-26T14:02:36 IST" duration-ms="12939">
    <groups>
    </groups>
    <test started-at="2025-12-26T14:02:23 IST" name="Default test" finished-at="2025-12-26T14:02:36 IST" duration-ms="12939">
      <class name="testcase.MyFirsttestFW">
        <test-method is-config="true" signature="setUp()[pri:0, instance:testcase.MyFirsttestFW@f5958c9]" started-at="2025-12-26T14:02:23 IST" name="setUp" finished-at="2025-12-26T14:02:29 IST" duration-ms="6571" status="PASS">
          <reporter-output>
          </reporter-output>
        </test-method> <!-- setUp -->
        <test-method signature="LoginTest()[pri:0, instance:testcase.MyFirsttestFW@f5958c9]" started-at="2025-12-26T14:02:29 IST" name="LoginTest" finished-at="2025-12-26T14:02:35 IST" duration-ms="5920" status="PASS">
          <reporter-output>
          </reporter-output>
        </test-method> <!-- LoginTest -->
        <test-method is-config="true" signature="tearDown()[pri:0, instance:testcase.MyFirsttestFW@f5958c9]" started-at="2025-12-26T14:02:35 IST" name="tearDown" finished-at="2025-12-26T14:02:36 IST" duration-ms="342" status="PASS">
          <reporter-output>
          </reporter-output>
        </test-method> <!-- tearDown -->
      </class> <!-- testcase.MyFirsttestFW -->
    </test> <!-- Default test -->
  </suite> <!-- Default suite -->
</testng-results>
